This is pdfTeX, Version 3.1415926-1.40.10 (TeX Live 2009/Debian) (format=pdflatex 2010.6.2)  3 JUN 2010 13:39
entering extended mode
 restricted \write18 enabled.
 %&-line parsing enabled.
**Rapport.tex
(./Rapport.tex
LaTeX2e <2009/09/24>
Babel <v3.8l> and hyphenation patterns for english, usenglishmax, dumylang, noh
yphenation, loaded.
(/usr/share/texmf-texlive/tex/latex/base/report.cls
Document Class: report 2007/10/19 v1.4h Standard LaTeX document class
(/usr/share/texmf-texlive/tex/latex/base/size10.clo
File: size10.clo 2007/10/19 v1.4h Standard LaTeX file (size option)
)
\c@part=\count79
\c@chapter=\count80
\c@section=\count81
\c@subsection=\count82
\c@subsubsection=\count83
\c@paragraph=\count84
\c@subparagraph=\count85
\c@figure=\count86
\c@table=\count87
\abovecaptionskip=\skip41
\belowcaptionskip=\skip42
\bibindent=\dimen102
)
(/usr/share/texmf-texlive/tex/latex/base/inputenc.sty
Package: inputenc 2008/03/30 v1.1d Input encoding file
\inpenc@prehook=\toks14
\inpenc@posthook=\toks15

(/usr/share/texmf-texlive/tex/latex/ucs/utf8x.def
File: utf8x.def 2004/10/17 UCS: Input encoding UTF-8
))
(/usr/share/texmf-texlive/tex/latex/ucs/ucs.sty
Package: ucs 2004/10/17 UCS: Unicode input support

(/usr/share/texmf-texlive/tex/latex/ucs/data/uni-global.def
File: uni-global.def 2004/10/17 UCS: Unicode global data
)
\uc@secondtry=\count88
\uc@combtoks=\toks16
\uc@combtoksb=\toks17
\uc@temptokena=\toks18
)
(/usr/share/texmf-texlive/tex/generic/babel/babel.sty
Package: babel 2008/07/06 v3.8l The Babel package

(/usr/share/texmf-texlive/tex/generic/babel/frenchb.ldf
Language: frenchb 2009/03/16 v2.3d French support from the babel system

(/usr/share/texmf-texlive/tex/generic/babel/babel.def
File: babel.def 2008/07/06 v3.8l Babel common definitions
\babel@savecnt=\count89
\U@D=\dimen103
)

Package babel Warning: No hyphenation patterns were loaded for
(babel)                the language `French'
(babel)                I will use the patterns loaded for \language=0 instead.

\l@french = a dialect from \language0
Package babel Info: Making : an active character on input line 120.
Package babel Info: Making ; an active character on input line 121.
Package babel Info: Making ! an active character on input line 122.
Package babel Info: Making ? an active character on input line 123.
\FB@Mht=\dimen104
\std@mcc=\count90
\dec@mcc=\count91
\parindentFFN=\dimen105
*************************************
* Local config file frenchb.cfg used
*
(/usr/share/texmf-texlive/tex/generic/babel/frenchb.cfg)))
(/usr/share/texmf-texlive/tex/latex/carlisle/scalefnt.sty)
(/usr/share/texmf-texlive/tex/latex/graphics/keyval.sty
Package: keyval 1999/03/16 v1.13 key=value parser (DPC)
\KV@toks@=\toks19
)
(/usr/share/texmf-texlive/tex/latex/graphics/graphicx.sty
Package: graphicx 1999/02/16 v1.0f Enhanced LaTeX Graphics (DPC,SPQR)

(/usr/share/texmf-texlive/tex/latex/graphics/graphics.sty
Package: graphics 2009/02/05 v1.0o Standard LaTeX Graphics (DPC,SPQR)

(/usr/share/texmf-texlive/tex/latex/graphics/trig.sty
Package: trig 1999/03/16 v1.09 sin cos tan (DPC)
)
(/etc/texmf/tex/latex/config/graphics.cfg
File: graphics.cfg 2009/08/28 v1.8 graphics configuration of TeX Live
)
Package graphics Info: Driver file: pdftex.def on input line 91.

(/usr/share/texmf-texlive/tex/latex/pdftex-def/pdftex.def
File: pdftex.def 2010/03/12 v0.04p Graphics/color for pdfTeX
\Gread@gobject=\count92
))
\Gin@req@height=\dimen106
\Gin@req@width=\dimen107
)
(/usr/share/texmf-texlive/tex/latex/pstricks/pstricks.sty
Package: pstricks 2008/11/26 v0.40 LaTeX wrapper for `PSTricks' (RN,HV)

(/usr/share/texmf-texlive/tex/generic/pstricks/pstricks.tex
`PSTricks' v1.29  <2009/05/19> (tvz)
\pst@dima=\dimen108
\pst@dimb=\dimen109
\pst@dimc=\dimen110
\pst@dimd=\dimen111
\pst@dimg=\dimen112
\pst@dimh=\dimen113
\pst@hbox=\box26
\pst@boxg=\box27
\pst@cnta=\count93
\pst@cntb=\count94
\pst@cntc=\count95
\pst@cntd=\count96
\pst@cntg=\count97
\pst@cnth=\count98
\pst@toks=\toks20
(/usr/share/texmf-texlive/tex/generic/pstricks/pstricks.con)
\psunit=\dimen114
\psxunit=\dimen115
\psyunit=\dimen116
\pslinewidth=\dimen117
\pst@customdefs=\toks21
\pslinearc=\dimen118
\everypsbox=\toks22
\psframesep=\dimen119
\pslabelsep=\dimen120
\pst@shift=\dimen121
\theoverlaybox=\box28
)
File: pstricks.tex 2009/05/19 v1.29 `PSTricks' (tvz,hv)

(/usr/share/texmf/tex/latex/xcolor/xcolor.sty
Package: xcolor 2007/01/21 v2.11 LaTeX color extensions (UK)

(/etc/texmf/tex/latex/config/color.cfg
File: color.cfg 2007/01/18 v1.5 color configuration of teTeX/TeXLive
)
Package xcolor Info: Driver file: pdftex.def on input line 225.
Package xcolor Info: Model `cmy' substituted by `cmy0' on input line 1337.
Package xcolor Info: Model `hsb' substituted by `rgb' on input line 1341.
Package xcolor Info: Model `RGB' extended on input line 1353.
Package xcolor Info: Model `HTML' substituted by `rgb' on input line 1355.
Package xcolor Info: Model `Hsb' substituted by `hsb' on input line 1356.
Package xcolor Info: Model `tHsb' substituted by `hsb' on input line 1357.
Package xcolor Info: Model `HSB' substituted by `hsb' on input line 1358.
Package xcolor Info: Model `Gray' substituted by `gray' on input line 1359.
Package xcolor Info: Model `wave' substituted by `hsb' on input line 1360.
)) (./Rapport.aux)
\openout1 = `Rapport.aux'.

LaTeX Font Info:    Checking defaults for OML/cmm/m/it on input line 11.
LaTeX Font Info:    ... okay on input line 11.
LaTeX Font Info:    Checking defaults for T1/cmr/m/n on input line 11.
LaTeX Font Info:    ... okay on input line 11.
LaTeX Font Info:    Checking defaults for OT1/cmr/m/n on input line 11.
LaTeX Font Info:    ... okay on input line 11.
LaTeX Font Info:    Checking defaults for OMS/cmsy/m/n on input line 11.
LaTeX Font Info:    ... okay on input line 11.
LaTeX Font Info:    Checking defaults for OMX/cmex/m/n on input line 11.
LaTeX Font Info:    ... okay on input line 11.
LaTeX Font Info:    Checking defaults for U/cmr/m/n on input line 11.
LaTeX Font Info:    ... okay on input line 11.

(/usr/share/texmf-texlive/tex/latex/ucs/ucsencs.def
File: ucsencs.def 2003/11/29 Fixes to fontencodings LGR, T3
)
LaTeX Info: Redefining \degres on input line 11.
LaTeX Info: Redefining \dots on input line 11.
LaTeX Info: Redefining \up on input line 11.


Package frenchb.ldf Warning: OT1 encoding should not be used for French. 
(frenchb.ldf)                Add \usepackage[T1]{fontenc} to the preamble
(frenchb.ldf)                of your document, on input line 11.

(/usr/share/texmf-texlive/tex/context/base/supp-pdf.mkii
[Loading MPS to PDF converter (version 2006.09.02).]
\scratchcounter=\count99
\scratchdimen=\dimen122
\scratchbox=\box29
\nofMPsegments=\count100
\nofMParguments=\count101
\everyMPshowfont=\toks23
\MPscratchCnt=\count102
\MPscratchDim=\dimen123
\MPnumerator=\count103
\everyMPtoPDFconversion=\toks24
) (/usr/share/texmf-texlive/tex/latex/ucs/data/uni-0.def
File: uni-0.def 2004/10/17 UCS: Unicode data U+0000..U+00FF
)
LaTeX Font Info:    External font `cmex10' loaded for size
(Font)              <12> on input line 19.
LaTeX Font Info:    External font `cmex10' loaded for size
(Font)              <8> on input line 19.
LaTeX Font Info:    External font `cmex10' loaded for size
(Font)              <6> on input line 19.
 [1
Non-PDF special ignored!
Non-PDF special ignored!
Non-PDF special ignored!

{/var/lib/texmf/fonts/map/pdftex/updmap/pdftex.map}]
[1] (./Rapport.toc
LaTeX Font Info:    External font `cmex10' loaded for size
(Font)              <7> on input line 3.
LaTeX Font Info:    External font `cmex10' loaded for size
(Font)              <5> on input line 3.
)
\tf@toc=\write3
\openout3 = `Rapport.toc'.

 [1

]
Chapitre 1.
(/usr/share/texmf-texlive/tex/latex/ucs/data/uni-32.def
File: uni-32.def 2004/10/17 UCS: Unicode data U+2000..U+20FF
)
Overfull \hbox (9.52829pt too wide) in paragraph at lines 62--82
\OT1/cmr/m/n/10 miques, peu-vent provo-quer des d^^Sefaillances et ainsi d^^Seg
rader la s^uret^^Se des syst^^Remes. 
 []

[2

] [3] <Multiplication.jpg, id=24, 689.57625pt x 214.8025pt>
File: Multiplication.jpg Graphic file (type jpg)

<use Multiplication.jpg> [4]
<Decomposition.jpg, id=31, 675.52374pt x 202.7575pt>
File: Decomposition.jpg Graphic file (type jpg)
 <use Decomposition.jpg>
<Addition.jpg, id=32, 712.6625pt x 197.73875pt>
File: Addition.jpg Graphic file (type jpg)
 <use Addition.jpg>
<Transposee.jpg, id=33, 576.1525pt x 210.7875pt>
File: Transposee.jpg Graphic file (type jpg)
 <use Transposee.jpg> [5 <./Multiplication.jpg> <./Decomposition.jpg>]
Overfull \hbox (1.5005pt too wide) in paragraph at lines 183--190
 \OT1/cmr/m/n/10 En con-clu-sion, ces th^^Seor^^Remes nous per-me-t-tent alors 
d'-ef-fectuer ces 5 op^^Serations
 []

[6 <./Addition.jpg> <./Transposee.jpg>] [7]
Chapitre 2.

Overfull \hbox (8.41579pt too wide) in paragraph at lines 236--239
\OT1/cmr/m/n/10 K.-H. Huang et J.A. Abra-ham que nous ap-pellerons par la suite
 ABFT (\OT1/cmr/m/it/10 Algorithm-
 []

[8

] [9]
Overfull \hbox (6.65442pt too wide) in paragraph at lines 305--316
\OT1/cmr/m/n/10 d'in-stan-ci-a-tion as-sez im-por-tant. Les \OT1/cmr/m/it/10 te
m-plates \OT1/cmr/m/n/10 doivent imp^^Serativement ^etre d^^Sefinis
 []

<MatricesHierarchie.pdf, id=52, 451.6875pt x 230.8625pt>
File: MatricesHierarchie.pdf Graphic file (type pdf)

<use MatricesHierarchie.pdf> [10]
<MatricesHierarchie2.pdf, id=57, 913.4125pt x 311.1625pt>
File: MatricesHierarchie2.pdf Graphic file (type pdf)

<use MatricesHierarchie2.pdf>
Underfull \hbox (badness 5302) in paragraph at lines 344--344
[]\OT1/cmr/m/sc/10 Figure \OT1/cmr/m/n/10 2.2 { Di-a-gramme des In-ter-faces de
s Ma-tri-ces et de leurs
 []

[11 <./MatricesHierarchie.pdf> <./MatricesHierarchie2.pdf>]

LaTeX Warning: Reference `chap:arith' on page 12 undefined on input line 383.

<ICalculator.pdf, id=70, 491.8375pt x 170.6375pt>
File: ICalculator.pdf Graphic file (type pdf)
 <use ICalculator.pdf>
[12] [13 <./ICalculator.pdf>] [14]
Chapitre 3.

LaTeX Warning: Command \textendash invalid in math mode on input line 487.


Overfull \hbox (4.94493pt too wide) in paragraph at lines 487--495
\OT1/cmr/m/n/10 Bien que les deux ^^Secritures soient compl^^Retement ^^Sequiva
lentes la deuxi^^Reme pr^^Sesente
 []

[15

] [16] [17]
Chapitre 4.
<IEEE754.jpg, id=95, 833.36343pt x 146.04562pt>
File: IEEE754.jpg Graphic file (type jpg)
 <use IEEE754.jpg>
Overfull \hbox (71.6807pt too wide) in paragraph at lines 571--572
 [] 
 []

[18

 <./IEEE754.jpg>] [19]
Chapitre 5.

Overfull \hbox (4.46182pt too wide) in paragraph at lines 617--619
\OT1/cmr/m/n/10 La tr^^Res c^^Sel^^Rebre fonc-tion \OT1/cmr/m/it/10 dgemm \OT1/
cmr/m/n/10 est utilis^^See par notre impl^^Sementation et repr^^Sesente
 []


Overfull \hbox (50.75273pt too wide) in paragraph at lines 620--620
[]\OT1/cmr/bx/n/14.4 La tech-nique ABFT [[]] que nous avons impl^^Sement^^See 
 []

[20

] [21]
Overfull \hbox (26.13387pt too wide) in paragraph at lines 656--658
 \OT1/cmr/m/n/10 Le code source et disponible sur le site \OT1/cmr/bx/n/10 http
 ://pstl2010sujet9.googlecode.com/
 []


Overfull \hbox (52.5548pt too wide) in paragraph at lines 656--658
\OT1/cmr/bx/n/10 svn check-out http ://pstl2010sujet9.googlecode.com/svn/trunk/
 pstl2010sujet9-
 []

[22

]
LaTeX Font Info:    Try loading font information for OMS+cmr on input line 682.

 (/usr/share/texmf-texlive/tex/latex/base/omscmr.fd
File: omscmr.fd 1999/05/25 v2.5h Standard LaTeX font definitions
)
LaTeX Font Info:    Font shape `OMS/cmr/m/n' in size <10> not available
(Font)              Font shape `OMS/cmsy/m/n' tried instead on input line 682.
 [23

] (./Rapport.aux)

LaTeX Warning: There were undefined references.

 ) 
Here is how much of TeX's memory you used:
 4137 strings out of 495061
 51262 string characters out of 1182622
 135010 words of memory out of 3000000
 7285 multiletter control sequences out of 15000+50000
 10282 words of font info for 36 fonts, out of 3000000 for 9000
 28 hyphenation exceptions out of 8191
 30i,8n,37p,397b,589s stack positions out of 5000i,500n,10000p,200000b,50000s
</usr/share/texmf-texlive/fonts/type1/public/amsfonts/cm/cmbx10.pfb></usr/sha
re/texmf-texlive/fonts/type1/public/amsfonts/cm/cmbx12.pfb></usr/share/texmf-te
xlive/fonts/type1/public/amsfonts/cm/cmbxti10.pfb></usr/share/texmf-texlive/fon
ts/type1/public/amsfonts/cm/cmcsc10.pfb></usr/share/texmf-texlive/fonts/type1/p
ublic/amsfonts/cm/cmmi10.pfb></usr/share/texmf-texlive/fonts/type1/public/amsfo
nts/cm/cmmi7.pfb></usr/share/texmf-texlive/fonts/type1/public/amsfonts/cm/cmr10
.pfb></usr/share/texmf-texlive/fonts/type1/public/amsfonts/cm/cmr12.pfb></usr/s
hare/texmf-texlive/fonts/type1/public/amsfonts/cm/cmr17.pfb></usr/share/texmf-t
exlive/fonts/type1/public/amsfonts/cm/cmr7.pfb></usr/share/texmf-texlive/fonts/
type1/public/amsfonts/cm/cmsy10.pfb></usr/share/texmf-texlive/fonts/type1/publi
c/amsfonts/cm/cmsy5.pfb></usr/share/texmf-texlive/fonts/type1/public/amsfonts/c
m/cmti10.pfb></usr/share/texmf-texlive/fonts/type1/public/amsfonts/cm/cmtt12.pf
b>
Output written on Rapport.pdf (25 pages, 620025 bytes).
PDF statistics:
 159 PDF objects out of 1000 (max. 8388607)
 0 named destinations out of 1000 (max. 500000)
 41 words of extra memory for PDF output out of 10000 (max. 10000000)

